<?xml version="1.0" encoding="UTF-8"?>
<testsuite xmlns:xsi="http://www.w3.org/2001/XMLSchema-instance" xsi:noNamespaceSchemaLocation="https://maven.apache.org/surefire/maven-surefire-plugin/xsd/surefire-test-report.xsd" name="Scenario: Verify invalid login from messenger page" time="38.871" tests="24" errors="0" skipped="0" failures="0">
  <properties>
    <property name="gopherProxySet" value="false"/>
    <property name="awt.toolkit" value="sun.lwawt.macosx.LWCToolkit"/>
    <property name="file.encoding.pkg" value="sun.io"/>
    <property name="java.specification.version" value="1.8"/>
    <property name="sun.cpu.isalist" value=""/>
    <property name="sun.jnu.encoding" value="UTF-8"/>
    <property name="java.class.path" value="/Users/sevimbalci/IdeaProjects/CucumberBDDFramework_20/target/test-classes:/Users/sevimbalci/IdeaProjects/CucumberBDDFramework_20/target/classes:/Users/sevimbalci/.m2/repository/org/testng/testng/7.1.0/testng-7.1.0.jar:/Users/sevimbalci/.m2/repository/com/beust/jcommander/1.72/jcommander-1.72.jar:/Users/sevimbalci/.m2/repository/com/google/inject/guice/4.1.0/guice-4.1.0-no_aop.jar:/Users/sevimbalci/.m2/repository/javax/inject/javax.inject/1/javax.inject-1.jar:/Users/sevimbalci/.m2/repository/aopalliance/aopalliance/1.0/aopalliance-1.0.jar:/Users/sevimbalci/.m2/repository/org/yaml/snakeyaml/1.21/snakeyaml-1.21.jar:/Users/sevimbalci/.m2/repository/io/qameta/allure/allure-cucumber-jvm/2.13.2/allure-cucumber-jvm-2.13.2.jar:/Users/sevimbalci/.m2/repository/io/qameta/allure/allure-java-commons/2.13.2/allure-java-commons-2.13.2.jar:/Users/sevimbalci/.m2/repository/io/qameta/allure/allure-model/2.13.2/allure-model-2.13.2.jar:/Users/sevimbalci/.m2/repository/com/fasterxml/jackson/core/jackson-databind/2.9.8/jackson-databind-2.9.8.jar:/Users/sevimbalci/.m2/repository/com/fasterxml/jackson/core/jackson-annotations/2.9.0/jackson-annotations-2.9.0.jar:/Users/sevimbalci/.m2/repository/com/fasterxml/jackson/core/jackson-core/2.9.8/jackson-core-2.9.8.jar:/Users/sevimbalci/.m2/repository/org/apache/tika/tika-core/1.20/tika-core-1.20.jar:/Users/sevimbalci/.m2/repository/org/jooq/joor-java-8/0.9.10/joor-java-8-0.9.10.jar:/Users/sevimbalci/.m2/repository/org/seleniumhq/selenium/selenium-java/3.14.0/selenium-java-3.14.0.jar:/Users/sevimbalci/.m2/repository/org/seleniumhq/selenium/selenium-api/3.14.0/selenium-api-3.14.0.jar:/Users/sevimbalci/.m2/repository/org/seleniumhq/selenium/selenium-chrome-driver/3.14.0/selenium-chrome-driver-3.14.0.jar:/Users/sevimbalci/.m2/repository/org/seleniumhq/selenium/selenium-edge-driver/3.14.0/selenium-edge-driver-3.14.0.jar:/Users/sevimbalci/.m2/repository/org/seleniumhq/selenium/selenium-firefox-driver/3.14.0/selenium-firefox-driver-3.14.0.jar:/Users/sevimbalci/.m2/repository/org/seleniumhq/selenium/selenium-ie-driver/3.14.0/selenium-ie-driver-3.14.0.jar:/Users/sevimbalci/.m2/repository/org/seleniumhq/selenium/selenium-opera-driver/3.14.0/selenium-opera-driver-3.14.0.jar:/Users/sevimbalci/.m2/repository/org/seleniumhq/selenium/selenium-safari-driver/3.14.0/selenium-safari-driver-3.14.0.jar:/Users/sevimbalci/.m2/repository/org/seleniumhq/selenium/selenium-support/3.14.0/selenium-support-3.14.0.jar:/Users/sevimbalci/.m2/repository/net/bytebuddy/byte-buddy/1.8.15/byte-buddy-1.8.15.jar:/Users/sevimbalci/.m2/repository/org/apache/commons/commons-exec/1.3/commons-exec-1.3.jar:/Users/sevimbalci/.m2/repository/commons-codec/commons-codec/1.10/commons-codec-1.10.jar:/Users/sevimbalci/.m2/repository/commons-logging/commons-logging/1.2/commons-logging-1.2.jar:/Users/sevimbalci/.m2/repository/com/google/guava/guava/25.0-jre/guava-25.0-jre.jar:/Users/sevimbalci/.m2/repository/com/google/code/findbugs/jsr305/1.3.9/jsr305-1.3.9.jar:/Users/sevimbalci/.m2/repository/org/checkerframework/checker-compat-qual/2.0.0/checker-compat-qual-2.0.0.jar:/Users/sevimbalci/.m2/repository/com/google/errorprone/error_prone_annotations/2.1.3/error_prone_annotations-2.1.3.jar:/Users/sevimbalci/.m2/repository/com/google/j2objc/j2objc-annotations/1.1/j2objc-annotations-1.1.jar:/Users/sevimbalci/.m2/repository/org/codehaus/mojo/animal-sniffer-annotations/1.14/animal-sniffer-annotations-1.14.jar:/Users/sevimbalci/.m2/repository/org/apache/httpcomponents/httpclient/4.5.5/httpclient-4.5.5.jar:/Users/sevimbalci/.m2/repository/org/apache/httpcomponents/httpcore/4.4.9/httpcore-4.4.9.jar:/Users/sevimbalci/.m2/repository/com/squareup/okhttp3/okhttp/3.10.0/okhttp-3.10.0.jar:/Users/sevimbalci/.m2/repository/com/squareup/okio/okio/1.14.1/okio-1.14.1.jar:/Users/sevimbalci/.m2/repository/org/seleniumhq/selenium/selenium-remote-driver/3.14.0/selenium-remote-driver-3.14.0.jar:/Users/sevimbalci/.m2/repository/io/github/bonigarcia/webdrivermanager/3.8.1/webdrivermanager-3.8.1.jar:/Users/sevimbalci/.m2/repository/org/slf4j/slf4j-api/1.7.25/slf4j-api-1.7.25.jar:/Users/sevimbalci/.m2/repository/commons-io/commons-io/2.6/commons-io-2.6.jar:/Users/sevimbalci/.m2/repository/com/google/code/gson/gson/2.8.5/gson-2.8.5.jar:/Users/sevimbalci/.m2/repository/org/apache/commons/commons-lang3/3.8.1/commons-lang3-3.8.1.jar:/Users/sevimbalci/.m2/repository/org/rauschig/jarchivelib/1.0.0/jarchivelib-1.0.0.jar:/Users/sevimbalci/.m2/repository/org/apache/commons/commons-compress/1.18/commons-compress-1.18.jar:/Users/sevimbalci/.m2/repository/org/jsoup/jsoup/1.11.3/jsoup-1.11.3.jar:/Users/sevimbalci/.m2/repository/org/slf4j/slf4j-simple/1.7.21/slf4j-simple-1.7.21.jar:/Users/sevimbalci/.m2/repository/log4j/log4j/1.2.17/log4j-1.2.17.jar:/Users/sevimbalci/.m2/repository/info/cukes/cucumber-core/1.2.5/cucumber-core-1.2.5.jar:/Users/sevimbalci/.m2/repository/info/cukes/cucumber-html/0.2.3/cucumber-html-0.2.3.jar:/Users/sevimbalci/.m2/repository/info/cukes/cucumber-java/1.2.5/cucumber-java-1.2.5.jar:/Users/sevimbalci/.m2/repository/info/cukes/cucumber-junit/1.2.5/cucumber-junit-1.2.5.jar:/Users/sevimbalci/.m2/repository/junit/junit/4.12/junit-4.12.jar:/Users/sevimbalci/.m2/repository/org/hamcrest/hamcrest-core/1.3/hamcrest-core-1.3.jar:/Users/sevimbalci/.m2/repository/info/cukes/cucumber-jvm-deps/1.0.5/cucumber-jvm-deps-1.0.5.jar:/Users/sevimbalci/.m2/repository/info/cukes/cucumber-testng/1.2.4/cucumber-testng-1.2.4.jar:/Users/sevimbalci/.m2/repository/info/cukes/cucumber-picocontainer/1.2.4/cucumber-picocontainer-1.2.4.jar:/Users/sevimbalci/.m2/repository/org/picocontainer/picocontainer/2.15/picocontainer-2.15.jar:/Users/sevimbalci/.m2/repository/net/masterthought/cucumber-reporting/2.1.0/cucumber-reporting-2.1.0.jar:/Users/sevimbalci/.m2/repository/org/apache/logging/log4j/log4j-api/2.5/log4j-api-2.5.jar:/Users/sevimbalci/.m2/repository/org/apache/logging/log4j/log4j-core/2.5/log4j-core-2.5.jar:/Users/sevimbalci/.m2/repository/org/apache/velocity/velocity/1.7/velocity-1.7.jar:/Users/sevimbalci/.m2/repository/commons-collections/commons-collections/3.2.1/commons-collections-3.2.1.jar:/Users/sevimbalci/.m2/repository/commons-lang/commons-lang/2.4/commons-lang-2.4.jar:/Users/sevimbalci/.m2/repository/velocity-tools/velocity-tools/1.4/velocity-tools-1.4.jar:/Users/sevimbalci/.m2/repository/joda-time/joda-time/2.9.2/joda-time-2.9.2.jar:/Users/sevimbalci/.m2/repository/net/lingala/zip4j/zip4j/1.3.2/zip4j-1.3.2.jar:/Users/sevimbalci/.m2/repository/org/codehaus/plexus/plexus-utils/3.0.22/plexus-utils-3.0.22.jar:/Users/sevimbalci/.m2/repository/info/cukes/gherkin/2.12.2/gherkin-2.12.2.jar:/Users/sevimbalci/.m2/repository/ru/yandex/qatools/allure/allure-cucumber-jvm-adaptor/1.5.1/allure-cucumber-jvm-adaptor-1.5.1.jar:/Users/sevimbalci/.m2/repository/ru/yandex/qatools/allure/allure-java-aspects/1.4.15/allure-java-aspects-1.4.15.jar:/Users/sevimbalci/.m2/repository/ru/yandex/qatools/allure/allure-java-adaptor-api/1.4.15/allure-java-adaptor-api-1.4.15.jar:/Users/sevimbalci/.m2/repository/ru/yandex/qatools/allure/allure-java-annotations/1.4.15/allure-java-annotations-1.4.15.jar:/Users/sevimbalci/.m2/repository/org/aspectj/aspectjrt/1.8.3/aspectjrt-1.8.3.jar:/Users/sevimbalci/.m2/repository/ru/yandex/qatools/allure/allure-commons/1.4.15/allure-commons-1.4.15.jar:/Users/sevimbalci/.m2/repository/ru/yandex/qatools/allure/allure-model/1.4.15/allure-model-1.4.15.jar:/Users/sevimbalci/.m2/repository/org/jvnet/jaxb2_commons/jaxb2-basics-runtime/0.9.3/jaxb2-basics-runtime-0.9.3.jar:/Users/sevimbalci/.m2/repository/ru/yandex/qatools/properties/properties-loader/1.5/properties-loader-1.5.jar:/Users/sevimbalci/.m2/repository/commons-beanutils/commons-beanutils-core/1.8.3/commons-beanutils-core-1.8.3.jar:/Users/sevimbalci/.m2/repository/io/appium/java-client/6.1.0/java-client-6.1.0.jar:/Users/sevimbalci/.m2/repository/cglib/cglib/3.2.6/cglib-3.2.6.jar:/Users/sevimbalci/.m2/repository/org/ow2/asm/asm/6.0/asm-6.0.jar:/Users/sevimbalci/.m2/repository/org/apache/ant/ant/1.9.6/ant-1.9.6.jar:/Users/sevimbalci/.m2/repository/org/apache/ant/ant-launcher/1.9.6/ant-launcher-1.9.6.jar:/Users/sevimbalci/.m2/repository/commons-validator/commons-validator/1.6/commons-validator-1.6.jar:/Users/sevimbalci/.m2/repository/commons-beanutils/commons-beanutils/1.9.2/commons-beanutils-1.9.2.jar:/Users/sevimbalci/.m2/repository/commons-digester/commons-digester/1.8.1/commons-digester-1.8.1.jar:/Users/sevimbalci/.m2/repository/org/springframework/spring-context/5.0.5.RELEASE/spring-context-5.0.5.RELEASE.jar:/Users/sevimbalci/.m2/repository/org/springframework/spring-aop/5.0.5.RELEASE/spring-aop-5.0.5.RELEASE.jar:/Users/sevimbalci/.m2/repository/org/springframework/spring-beans/5.0.5.RELEASE/spring-beans-5.0.5.RELEASE.jar:/Users/sevimbalci/.m2/repository/org/springframework/spring-core/5.0.5.RELEASE/spring-core-5.0.5.RELEASE.jar:/Users/sevimbalci/.m2/repository/org/springframework/spring-jcl/5.0.5.RELEASE/spring-jcl-5.0.5.RELEASE.jar:/Users/sevimbalci/.m2/repository/org/springframework/spring-expression/5.0.5.RELEASE/spring-expression-5.0.5.RELEASE.jar:/Users/sevimbalci/.m2/repository/org/aspectj/aspectjweaver/1.9.1/aspectjweaver-1.9.1.jar:/Users/sevimbalci/.m2/repository/org/openpnp/opencv/3.2.0-1/opencv-3.2.0-1.jar:/Users/sevimbalci/.m2/repository/org/jetbrains/annotations/19.0.0/annotations-19.0.0.jar:"/>
    <property name="java.vm.vendor" value="Oracle Corporation"/>
    <property name="sun.arch.data.model" value="64"/>
    <property name="java.vendor.url" value="http://java.oracle.com/"/>
    <property name="user.timezone" value=""/>
    <property name="java.vm.specification.version" value="1.8"/>
    <property name="os.name" value="Mac OS X"/>
    <property name="user.country" value="US"/>
    <property name="sun.java.launcher" value="SUN_STANDARD"/>
    <property name="sun.boot.library.path" value="/Users/sevimbalci/.jenkins/tools/hudson.model.JDK/jre/lib"/>
    <property name="sun.java.command" value="/Users/sevimbalci/IdeaProjects/CucumberBDDFramework_20/target/surefire/surefirebooter5898297706075793611.jar /Users/sevimbalci/IdeaProjects/CucumberBDDFramework_20/target/surefire 2020-04-12T18-08-22_423-jvmRun1 surefire9144061236167532395tmp surefire_01098447572434968766tmp"/>
    <property name="http.nonProxyHosts" value="local|*.local|169.254/16|*.169.254/16"/>
    <property name="surefire.test.class.path" value="/Users/sevimbalci/IdeaProjects/CucumberBDDFramework_20/target/test-classes:/Users/sevimbalci/IdeaProjects/CucumberBDDFramework_20/target/classes:/Users/sevimbalci/.m2/repository/org/testng/testng/7.1.0/testng-7.1.0.jar:/Users/sevimbalci/.m2/repository/com/beust/jcommander/1.72/jcommander-1.72.jar:/Users/sevimbalci/.m2/repository/com/google/inject/guice/4.1.0/guice-4.1.0-no_aop.jar:/Users/sevimbalci/.m2/repository/javax/inject/javax.inject/1/javax.inject-1.jar:/Users/sevimbalci/.m2/repository/aopalliance/aopalliance/1.0/aopalliance-1.0.jar:/Users/sevimbalci/.m2/repository/org/yaml/snakeyaml/1.21/snakeyaml-1.21.jar:/Users/sevimbalci/.m2/repository/io/qameta/allure/allure-cucumber-jvm/2.13.2/allure-cucumber-jvm-2.13.2.jar:/Users/sevimbalci/.m2/repository/io/qameta/allure/allure-java-commons/2.13.2/allure-java-commons-2.13.2.jar:/Users/sevimbalci/.m2/repository/io/qameta/allure/allure-model/2.13.2/allure-model-2.13.2.jar:/Users/sevimbalci/.m2/repository/com/fasterxml/jackson/core/jackson-databind/2.9.8/jackson-databind-2.9.8.jar:/Users/sevimbalci/.m2/repository/com/fasterxml/jackson/core/jackson-annotations/2.9.0/jackson-annotations-2.9.0.jar:/Users/sevimbalci/.m2/repository/com/fasterxml/jackson/core/jackson-core/2.9.8/jackson-core-2.9.8.jar:/Users/sevimbalci/.m2/repository/org/apache/tika/tika-core/1.20/tika-core-1.20.jar:/Users/sevimbalci/.m2/repository/org/jooq/joor-java-8/0.9.10/joor-java-8-0.9.10.jar:/Users/sevimbalci/.m2/repository/org/seleniumhq/selenium/selenium-java/3.14.0/selenium-java-3.14.0.jar:/Users/sevimbalci/.m2/repository/org/seleniumhq/selenium/selenium-api/3.14.0/selenium-api-3.14.0.jar:/Users/sevimbalci/.m2/repository/org/seleniumhq/selenium/selenium-chrome-driver/3.14.0/selenium-chrome-driver-3.14.0.jar:/Users/sevimbalci/.m2/repository/org/seleniumhq/selenium/selenium-edge-driver/3.14.0/selenium-edge-driver-3.14.0.jar:/Users/sevimbalci/.m2/repository/org/seleniumhq/selenium/selenium-firefox-driver/3.14.0/selenium-firefox-driver-3.14.0.jar:/Users/sevimbalci/.m2/repository/org/seleniumhq/selenium/selenium-ie-driver/3.14.0/selenium-ie-driver-3.14.0.jar:/Users/sevimbalci/.m2/repository/org/seleniumhq/selenium/selenium-opera-driver/3.14.0/selenium-opera-driver-3.14.0.jar:/Users/sevimbalci/.m2/repository/org/seleniumhq/selenium/selenium-safari-driver/3.14.0/selenium-safari-driver-3.14.0.jar:/Users/sevimbalci/.m2/repository/org/seleniumhq/selenium/selenium-support/3.14.0/selenium-support-3.14.0.jar:/Users/sevimbalci/.m2/repository/net/bytebuddy/byte-buddy/1.8.15/byte-buddy-1.8.15.jar:/Users/sevimbalci/.m2/repository/org/apache/commons/commons-exec/1.3/commons-exec-1.3.jar:/Users/sevimbalci/.m2/repository/commons-codec/commons-codec/1.10/commons-codec-1.10.jar:/Users/sevimbalci/.m2/repository/commons-logging/commons-logging/1.2/commons-logging-1.2.jar:/Users/sevimbalci/.m2/repository/com/google/guava/guava/25.0-jre/guava-25.0-jre.jar:/Users/sevimbalci/.m2/repository/com/google/code/findbugs/jsr305/1.3.9/jsr305-1.3.9.jar:/Users/sevimbalci/.m2/repository/org/checkerframework/checker-compat-qual/2.0.0/checker-compat-qual-2.0.0.jar:/Users/sevimbalci/.m2/repository/com/google/errorprone/error_prone_annotations/2.1.3/error_prone_annotations-2.1.3.jar:/Users/sevimbalci/.m2/repository/com/google/j2objc/j2objc-annotations/1.1/j2objc-annotations-1.1.jar:/Users/sevimbalci/.m2/repository/org/codehaus/mojo/animal-sniffer-annotations/1.14/animal-sniffer-annotations-1.14.jar:/Users/sevimbalci/.m2/repository/org/apache/httpcomponents/httpclient/4.5.5/httpclient-4.5.5.jar:/Users/sevimbalci/.m2/repository/org/apache/httpcomponents/httpcore/4.4.9/httpcore-4.4.9.jar:/Users/sevimbalci/.m2/repository/com/squareup/okhttp3/okhttp/3.10.0/okhttp-3.10.0.jar:/Users/sevimbalci/.m2/repository/com/squareup/okio/okio/1.14.1/okio-1.14.1.jar:/Users/sevimbalci/.m2/repository/org/seleniumhq/selenium/selenium-remote-driver/3.14.0/selenium-remote-driver-3.14.0.jar:/Users/sevimbalci/.m2/repository/io/github/bonigarcia/webdrivermanager/3.8.1/webdrivermanager-3.8.1.jar:/Users/sevimbalci/.m2/repository/org/slf4j/slf4j-api/1.7.25/slf4j-api-1.7.25.jar:/Users/sevimbalci/.m2/repository/commons-io/commons-io/2.6/commons-io-2.6.jar:/Users/sevimbalci/.m2/repository/com/google/code/gson/gson/2.8.5/gson-2.8.5.jar:/Users/sevimbalci/.m2/repository/org/apache/commons/commons-lang3/3.8.1/commons-lang3-3.8.1.jar:/Users/sevimbalci/.m2/repository/org/rauschig/jarchivelib/1.0.0/jarchivelib-1.0.0.jar:/Users/sevimbalci/.m2/repository/org/apache/commons/commons-compress/1.18/commons-compress-1.18.jar:/Users/sevimbalci/.m2/repository/org/jsoup/jsoup/1.11.3/jsoup-1.11.3.jar:/Users/sevimbalci/.m2/repository/org/slf4j/slf4j-simple/1.7.21/slf4j-simple-1.7.21.jar:/Users/sevimbalci/.m2/repository/log4j/log4j/1.2.17/log4j-1.2.17.jar:/Users/sevimbalci/.m2/repository/info/cukes/cucumber-core/1.2.5/cucumber-core-1.2.5.jar:/Users/sevimbalci/.m2/repository/info/cukes/cucumber-html/0.2.3/cucumber-html-0.2.3.jar:/Users/sevimbalci/.m2/repository/info/cukes/cucumber-java/1.2.5/cucumber-java-1.2.5.jar:/Users/sevimbalci/.m2/repository/info/cukes/cucumber-junit/1.2.5/cucumber-junit-1.2.5.jar:/Users/sevimbalci/.m2/repository/junit/junit/4.12/junit-4.12.jar:/Users/sevimbalci/.m2/repository/org/hamcrest/hamcrest-core/1.3/hamcrest-core-1.3.jar:/Users/sevimbalci/.m2/repository/info/cukes/cucumber-jvm-deps/1.0.5/cucumber-jvm-deps-1.0.5.jar:/Users/sevimbalci/.m2/repository/info/cukes/cucumber-testng/1.2.4/cucumber-testng-1.2.4.jar:/Users/sevimbalci/.m2/repository/info/cukes/cucumber-picocontainer/1.2.4/cucumber-picocontainer-1.2.4.jar:/Users/sevimbalci/.m2/repository/org/picocontainer/picocontainer/2.15/picocontainer-2.15.jar:/Users/sevimbalci/.m2/repository/net/masterthought/cucumber-reporting/2.1.0/cucumber-reporting-2.1.0.jar:/Users/sevimbalci/.m2/repository/org/apache/logging/log4j/log4j-api/2.5/log4j-api-2.5.jar:/Users/sevimbalci/.m2/repository/org/apache/logging/log4j/log4j-core/2.5/log4j-core-2.5.jar:/Users/sevimbalci/.m2/repository/org/apache/velocity/velocity/1.7/velocity-1.7.jar:/Users/sevimbalci/.m2/repository/commons-collections/commons-collections/3.2.1/commons-collections-3.2.1.jar:/Users/sevimbalci/.m2/repository/commons-lang/commons-lang/2.4/commons-lang-2.4.jar:/Users/sevimbalci/.m2/repository/velocity-tools/velocity-tools/1.4/velocity-tools-1.4.jar:/Users/sevimbalci/.m2/repository/joda-time/joda-time/2.9.2/joda-time-2.9.2.jar:/Users/sevimbalci/.m2/repository/net/lingala/zip4j/zip4j/1.3.2/zip4j-1.3.2.jar:/Users/sevimbalci/.m2/repository/org/codehaus/plexus/plexus-utils/3.0.22/plexus-utils-3.0.22.jar:/Users/sevimbalci/.m2/repository/info/cukes/gherkin/2.12.2/gherkin-2.12.2.jar:/Users/sevimbalci/.m2/repository/ru/yandex/qatools/allure/allure-cucumber-jvm-adaptor/1.5.1/allure-cucumber-jvm-adaptor-1.5.1.jar:/Users/sevimbalci/.m2/repository/ru/yandex/qatools/allure/allure-java-aspects/1.4.15/allure-java-aspects-1.4.15.jar:/Users/sevimbalci/.m2/repository/ru/yandex/qatools/allure/allure-java-adaptor-api/1.4.15/allure-java-adaptor-api-1.4.15.jar:/Users/sevimbalci/.m2/repository/ru/yandex/qatools/allure/allure-java-annotations/1.4.15/allure-java-annotations-1.4.15.jar:/Users/sevimbalci/.m2/repository/org/aspectj/aspectjrt/1.8.3/aspectjrt-1.8.3.jar:/Users/sevimbalci/.m2/repository/ru/yandex/qatools/allure/allure-commons/1.4.15/allure-commons-1.4.15.jar:/Users/sevimbalci/.m2/repository/ru/yandex/qatools/allure/allure-model/1.4.15/allure-model-1.4.15.jar:/Users/sevimbalci/.m2/repository/org/jvnet/jaxb2_commons/jaxb2-basics-runtime/0.9.3/jaxb2-basics-runtime-0.9.3.jar:/Users/sevimbalci/.m2/repository/ru/yandex/qatools/properties/properties-loader/1.5/properties-loader-1.5.jar:/Users/sevimbalci/.m2/repository/commons-beanutils/commons-beanutils-core/1.8.3/commons-beanutils-core-1.8.3.jar:/Users/sevimbalci/.m2/repository/io/appium/java-client/6.1.0/java-client-6.1.0.jar:/Users/sevimbalci/.m2/repository/cglib/cglib/3.2.6/cglib-3.2.6.jar:/Users/sevimbalci/.m2/repository/org/ow2/asm/asm/6.0/asm-6.0.jar:/Users/sevimbalci/.m2/repository/org/apache/ant/ant/1.9.6/ant-1.9.6.jar:/Users/sevimbalci/.m2/repository/org/apache/ant/ant-launcher/1.9.6/ant-launcher-1.9.6.jar:/Users/sevimbalci/.m2/repository/commons-validator/commons-validator/1.6/commons-validator-1.6.jar:/Users/sevimbalci/.m2/repository/commons-beanutils/commons-beanutils/1.9.2/commons-beanutils-1.9.2.jar:/Users/sevimbalci/.m2/repository/commons-digester/commons-digester/1.8.1/commons-digester-1.8.1.jar:/Users/sevimbalci/.m2/repository/org/springframework/spring-context/5.0.5.RELEASE/spring-context-5.0.5.RELEASE.jar:/Users/sevimbalci/.m2/repository/org/springframework/spring-aop/5.0.5.RELEASE/spring-aop-5.0.5.RELEASE.jar:/Users/sevimbalci/.m2/repository/org/springframework/spring-beans/5.0.5.RELEASE/spring-beans-5.0.5.RELEASE.jar:/Users/sevimbalci/.m2/repository/org/springframework/spring-core/5.0.5.RELEASE/spring-core-5.0.5.RELEASE.jar:/Users/sevimbalci/.m2/repository/org/springframework/spring-jcl/5.0.5.RELEASE/spring-jcl-5.0.5.RELEASE.jar:/Users/sevimbalci/.m2/repository/org/springframework/spring-expression/5.0.5.RELEASE/spring-expression-5.0.5.RELEASE.jar:/Users/sevimbalci/.m2/repository/org/aspectj/aspectjweaver/1.9.1/aspectjweaver-1.9.1.jar:/Users/sevimbalci/.m2/repository/org/openpnp/opencv/3.2.0-1/opencv-3.2.0-1.jar:/Users/sevimbalci/.m2/repository/org/jetbrains/annotations/19.0.0/annotations-19.0.0.jar:"/>
    <property name="sun.cpu.endian" value="little"/>
    <property name="user.home" value="/Users/sevimbalci"/>
    <property name="user.language" value="en"/>
    <property name="java.specification.vendor" value="Oracle Corporation"/>
    <property name="java.home" value="/Users/sevimbalci/.jenkins/tools/hudson.model.JDK/jre"/>
    <property name="basedir" value="/Users/sevimbalci/IdeaProjects/CucumberBDDFramework_20"/>
    <property name="file.separator" value="/"/>
    <property name="line.separator" value="&#10;"/>
    <property name="java.vm.specification.vendor" value="Oracle Corporation"/>
    <property name="java.specification.name" value="Java Platform API Specification"/>
    <property name="java.awt.graphicsenv" value="sun.awt.CGraphicsEnvironment"/>
    <property name="surefire.real.class.path" value="/Users/sevimbalci/IdeaProjects/CucumberBDDFramework_20/target/surefire/surefirebooter5898297706075793611.jar:/Users/sevimbalci/.m2/repository/org/aspectj/aspectjweaver/1.8.10/aspectjweaver-1.8.10.jar"/>
    <property name="sun.boot.class.path" value="/Users/sevimbalci/.jenkins/tools/hudson.model.JDK/jre/lib/resources.jar:/Users/sevimbalci/.jenkins/tools/hudson.model.JDK/jre/lib/rt.jar:/Users/sevimbalci/.jenkins/tools/hudson.model.JDK/jre/lib/sunrsasign.jar:/Users/sevimbalci/.jenkins/tools/hudson.model.JDK/jre/lib/jsse.jar:/Users/sevimbalci/.jenkins/tools/hudson.model.JDK/jre/lib/jce.jar:/Users/sevimbalci/.jenkins/tools/hudson.model.JDK/jre/lib/charsets.jar:/Users/sevimbalci/.jenkins/tools/hudson.model.JDK/jre/lib/jfr.jar:/Users/sevimbalci/.jenkins/tools/hudson.model.JDK/jre/classes"/>
    <property name="sun.management.compiler" value="HotSpot 64-Bit Tiered Compilers"/>
    <property name="ftp.nonProxyHosts" value="local|*.local|169.254/16|*.169.254/16"/>
    <property name="java.runtime.version" value="1.8.0_221-b11"/>
    <property name="user.name" value="sevimbalci"/>
    <property name="path.separator" value=":"/>
    <property name="os.version" value="10.14.6"/>
    <property name="java.endorsed.dirs" value="/Users/sevimbalci/.jenkins/tools/hudson.model.JDK/jre/lib/endorsed"/>
    <property name="java.runtime.name" value="Java(TM) SE Runtime Environment"/>
    <property name="file.encoding" value="UTF-8"/>
    <property name="java.vm.name" value="Java HotSpot(TM) 64-Bit Server VM"/>
    <property name="localRepository" value="/Users/sevimbalci/.m2/repository"/>
    <property name="java.vendor.url.bug" value="http://bugreport.sun.com/bugreport/"/>
    <property name="java.io.tmpdir" value="/var/folders/3_/fgf2s18d47j0vwjvfzpl28ph0000gn/T/"/>
    <property name="java.version" value="1.8.0_221"/>
    <property name="user.dir" value="/Users/sevimbalci/IdeaProjects/CucumberBDDFramework_20"/>
    <property name="os.arch" value="x86_64"/>
    <property name="java.vm.specification.name" value="Java Virtual Machine Specification"/>
    <property name="java.awt.printerjob" value="sun.lwawt.macosx.CPrinterJob"/>
    <property name="sun.os.patch.level" value="unknown"/>
    <property name="java.library.path" value="/Users/sevimbalci/Library/Java/Extensions:/Library/Java/Extensions:/Network/Library/Java/Extensions:/System/Library/Java/Extensions:/usr/lib/java:."/>
    <property name="java.vm.info" value="mixed mode"/>
    <property name="java.vendor" value="Oracle Corporation"/>
    <property name="java.vm.version" value="25.221-b11"/>
    <property name="java.ext.dirs" value="/Users/sevimbalci/Library/Java/Extensions:/Users/sevimbalci/.jenkins/tools/hudson.model.JDK/jre/lib/ext:/Library/Java/Extensions:/Network/Library/Java/Extensions:/System/Library/Java/Extensions:/usr/lib/java"/>
    <property name="sun.io.unicode.encoding" value="UnicodeBig"/>
    <property name="java.class.version" value="52.0"/>
    <property name="socksNonProxyHosts" value="local|*.local|169.254/16|*.169.254/16"/>
  </properties>
  <testcase name="Given I am on home page" classname="| seyma@sample.com | test123 |" time="0.029"/>
  <testcase name="When I enter seyma@sample.com into username text fields on home screen" classname="| seyma@sample.com | test123 |" time="0"/>
  <testcase name="And I enter test123 into password text fields on home screen" classname="| seyma@sample.com | test123 |" time="0"/>
  <testcase name="And I click on login button on home screen" classname="| seyma@sample.com | test123 |" time="0"/>
  <testcase name="Then I verify that I am in invalid login page" classname="| seyma@sample.com | test123 |" time="0.001"/>
  <testcase name="| seyma@sample.com | test123 |" classname="| seyma@sample.com | test123 |" time="0.124"/>
  <testcase name="Given I am on home page" classname="| sumeyra@sample.com | abc@123 |" time="0"/>
  <testcase name="When I enter sumeyra@sample.com into username text fields on home screen" classname="| sumeyra@sample.com | abc@123 |" time="0"/>
  <testcase name="And I enter abc@123 into password text fields on home screen" classname="| sumeyra@sample.com | abc@123 |" time="0"/>
  <testcase name="And I click on login button on home screen" classname="| sumeyra@sample.com | abc@123 |" time="0"/>
  <testcase name="Then I verify that I am in invalid login page" classname="| sumeyra@sample.com | abc@123 |" time="0.001"/>
  <testcase name="| sumeyra@sample.com | abc@123 |" classname="| sumeyra@sample.com | abc@123 |" time="0.126"/>
  <testcase name="Given I am on home page" classname="| aysegul@sample.com | 456@werr |" time="0"/>
  <testcase name="When I enter aysegul@sample.com into username text fields on home screen" classname="| aysegul@sample.com | 456@werr |" time="0"/>
  <testcase name="And I enter 456@werr into password text fields on home screen" classname="| aysegul@sample.com | 456@werr |" time="0"/>
  <testcase name="And I click on login button on home screen" classname="| aysegul@sample.com | 456@werr |" time="0.001"/>
  <testcase name="Then I verify that I am in invalid login page" classname="| aysegul@sample.com | 456@werr |" time="0"/>
  <testcase name="| aysegul@sample.com | 456@werr |" classname="| aysegul@sample.com | 456@werr |" time="0.132"/>
  <testcase name="Given I am on messenger page" classname="Scenario: Verify invalid login from messenger page" time="0"/>
  <testcase name="When I enter ilhanturkmen@siliconelabs.com into username field on the messenger page" classname="Scenario: Verify invalid login from messenger page" time="0"/>
  <testcase name="And I enter test123 into password field on the messenger page" classname="Scenario: Verify invalid login from messenger page" time="0"/>
  <testcase name="And I click on login button on messenger page" classname="Scenario: Verify invalid login from messenger page" time="0.001"/>
  <testcase name="Then I verify invalid login message on sign in page" classname="Scenario: Verify invalid login from messenger page" time="0.001"/>
  <testcase name="Scenario: Verify invalid login from messenger page" classname="Scenario: Verify invalid login from messenger page" time="0.136"/>
</testsuite>